^^^^^^^^^^May 21 2019^^^18:08:05^^^^^^^^^^[17209,17279][2021-12-31 +0800 11:32:27]
get mmap time: 3
MARS_URL: 
MARS_PATH: 
MARS_REVISION: 
MARS_BUILD_TIME: 2019-05-21 18:06:24
MARS_BUILD_JOB: 
log appender mode:0, use mmap:1
cache dir space info, capacity:241145196544 free:117280210944 available:117145993216
log dir space info, capacity:241145196544 free:117280210944 available:117145993216
[E][2021-12-31 +8.0 11:32:27.973][17209, 32972][log][CrashHandler.java, uncaughtException, 1][java.lang.Error: java.io.FileNotFoundException: 
	at java.util.concurrent.ThreadPoolExecutor.runWorker(ThreadPoolExecutor.java:1173)
	at java.util.concurrent.ThreadPoolExecutor$Worker.run(ThreadPoolExecutor.java:641)
	at java.lang.Thread.run(Thread.java:923)
Caused by: java.io.FileNotFoundException: 
	at android.content.res.AssetManager.nativeOpenAsset(Native Method)
	at android.content.res.AssetManager.open(AssetManager.java:910)
	at android.content.res.AssetManager.open(AssetManager.java:887)
	at com.opensource.svgaplayer.SVGAParser$d.run(SVGAParser.kt:1)
	at java.util.concurrent.ThreadPoolExecutor.runWorker(ThreadPoolExecutor.java:1167)
	... 2 more
$$$$$$$$$$May 21 2019$$$18:08:05$$$$$$$$$$[17209,17279][2021-12-31 +0800 11:32:29]
